
> @enterprise/react-template@1.0.0 typecheck
> tsc --noEmit

src/lib/feature/testing/featureTestUtils.ts(321,49): error TS6133: 'TVariables' is declared but its value is never read.
src/lib/index.ts(227,10): error TS1205: Re-exporting a type when 'verbatimModuleSyntax' is enabled requires using 'export type'.
src/lib/performance/PredictivePrefetch.ts(147,10): error TS6133: 'generateSessionId' is declared but its value is never read.
src/lib/routing/createRouter.tsx(435,7): error TS2322: Type 'true' is not assignable to type 'false'.
src/lib/routing/createRouter.tsx(538,15): error TS2484: Export declaration conflicts with exported declaration of 'RouteConfig'.
src/lib/routing/route-builder.ts(8,1): error TS6133: 'React' is declared but its value is never read.
src/lib/routing/route-builder.ts(200,13): error TS2304: Cannot find name 'createErrorElement'.
src/lib/routing/route-builder.ts(208,7): error TS2322: Type 'true' is not assignable to type 'false'.
src/lib/routing/route-registry.ts(156,50): error TS2304: Cannot find name 'PrefetchPriority'.
src/lib/routing/route-registry.ts(761,15): error TS2484: Export declaration conflicts with exported declaration of 'RegisteredRoute'.
src/lib/routing/route-registry.ts(761,47): error TS2484: Export declaration conflicts with exported declaration of 'RegistryEvent'.
src/lib/routing/route-validator.ts(561,15): error TS2484: Export declaration conflicts with exported declaration of 'ValidationRule'.
src/lib/routing/route-validator.ts(561,31): error TS2484: Export declaration conflicts with exported declaration of 'ValidationRuleResult'.
src/lib/routing/types.ts(80,36): error TS6133: 'Param' is declared but its value is never read.
src/lib/routing/types.ts(199,3): error TS6133: 'TSearchParams' is declared but its value is never read.
src/lib/routing/types.ts(200,3): error TS6133: 'TLoaderData' is declared but its value is never read.
src/lib/routing/types.ts(401,46): error TS2312: An interface can only extend an object type or intersection of object types with statically known members.
src/lib/routing/types.ts(506,57): error TS2344: Type 'ExtractSegments<TPath>[K]' does not satisfy the constraint 'string'.
  Type 'ExtractSegments<TPath>[keyof ExtractSegments<TPath>]' is not assignable to type 'string'.
    Type 'ExtractSegments<TPath>[string] | ExtractSegments<TPath>[number] | ExtractSegments<TPath>[symbol]' is not assignable to type 'string'.
      Type 'ExtractSegments<TPath>[string]' is not assignable to type 'string'.
src/lib/routing/types.ts(515,57): error TS2344: Type 'ExtractSegments<TPath>[K]' does not satisfy the constraint 'string'.
  Type 'ExtractSegments<TPath>[keyof ExtractSegments<TPath>]' is not assignable to type 'string'.
    Type 'ExtractSegments<TPath>[string] | ExtractSegments<TPath>[number] | ExtractSegments<TPath>[symbol]' is not assignable to type 'string'.
      Type 'ExtractSegments<TPath>[string]' is not assignable to type 'string'.
src/lib/routing/types.ts(968,72): error TS2344: Type 'TParams' does not satisfy the constraint 'RouteParams<`/${Rest}`>'.
  Type 'RouteParams<TPath>' is not assignable to type 'RouteParams<`/${Rest}`>'.
    Type 'RouteParams<TPath>' is not assignable to type 'ExtractRequiredParams<`/${Rest}`>'.
      Type 'TParams' is not assignable to type 'ExtractRequiredParams<`/${Rest}`>'.
        Type 'RouteParams<TPath>' is not assignable to type 'ExtractRequiredParams<`/${Rest}`>'.
src/lib/services/OptimisticMutations.ts(297,25): error TS2352: Conversion of type 'undefined' to type 'TList' may be a mistake because neither type sufficiently overlaps with the other. If this was intentional, convert the expression to 'unknown' first.
  'TList' could be instantiated with an arbitrary type which could be unrelated to 'undefined'.
src/lib/services/OptimisticMutations.ts(308,25): error TS2352: Conversion of type 'undefined' to type 'TList' may be a mistake because neither type sufficiently overlaps with the other. If this was intentional, convert the expression to 'unknown' first.
  'TList' could be instantiated with an arbitrary type which could be unrelated to 'undefined'.
src/lib/services/OptimisticMutations.ts(320,25): error TS2352: Conversion of type 'undefined' to type 'TList' may be a mistake because neither type sufficiently overlaps with the other. If this was intentional, convert the expression to 'unknown' first.
  'TList' could be instantiated with an arbitrary type which could be unrelated to 'undefined'.
src/lib/services/OptimisticMutations.ts(323,32): error TS2345: Argument of type 'TItem | undefined' is not assignable to parameter of type 'TItem'.
  'TItem' could be instantiated with an arbitrary type which could be unrelated to 'TItem | undefined'.
src/lib/services/OptimisticMutations.ts(331,25): error TS2352: Conversion of type 'undefined' to type 'TList' may be a mistake because neither type sufficiently overlaps with the other. If this was intentional, convert the expression to 'unknown' first.
  'TList' could be instantiated with an arbitrary type which could be unrelated to 'undefined'.
src/lib/services/OptimisticMutations.ts(336,32): error TS2345: Argument of type 'TItem | undefined' is not assignable to parameter of type 'TItem'.
  'TItem' could be instantiated with an arbitrary type which could be unrelated to 'TItem | undefined'.
src/lib/services/OptimisticMutations.ts(501,13): error TS2451: Cannot redeclare block-scoped variable 'mutation'.
src/lib/services/OptimisticMutations.ts(502,13): error TS2451: Cannot redeclare block-scoped variable 'mutation'.
